<?xml version="1.0" encoding="UTF-8"?>
<!-- Generated by org.testng.reporters.JUnitReportReporter -->
<testsuite hostname="HIBACL55559" name="com.BlazeDemo.IndexPage" tests="1" failures="0" timestamp="11 Feb 2021 07:23:40 GMT" time="10.965" errors="0">
  <testcase name="FindFlights" time="10.965" classname="com.BlazeDemo.IndexPage"/>
</testsuite> <!-- com.BlazeDemo.IndexPage -->
