<?xml version="1.0" encoding="UTF-8"?>
<!-- Generated by org.testng.reporters.JUnitReportReporter -->
<testsuite hostname="HIBACL55559" name="tests.CreateBooking" tests="1" failures="0" timestamp="11 Feb 2021 19:49:40 GMT" time="4.059" errors="0">
  <testcase name="CreateBooking_VerifyConfirmationID" time="4.059" classname="tests.CreateBooking"/>
</testsuite> <!-- tests.CreateBooking -->
