<?xml version="1.0" encoding="UTF-8"?>
<!-- Generated by org.testng.reporters.JUnitReportReporter -->
<testsuite hostname="HIBACL55559" name="com.blazedemo.tests.CreateBooking" tests="1" failures="0" timestamp="15 Feb 2021 11:46:34 GMT" time="5.114" errors="0">
  <testcase name="CreateBooking_GetConfirmationID" time="5.114" classname="com.blazedemo.tests.CreateBooking"/>
</testsuite> <!-- com.blazedemo.tests.CreateBooking -->
